Determining if the pthread_create exist failed with the following output:
Change Dir: /home/rosboxone/catkin_ws/src/ros_tello_driver/build/catkin_tools_prebuild/CMakeFiles/CMakeTmp

Run Build Command:"/usr/bin/make" "cmTC_7d020/fast"
/usr/bin/make -f CMakeFiles/cmTC_7d020.dir/build.make CMakeFiles/cmTC_7d020.dir/build
make[1]: Entering directory '/home/rosboxone/catkin_ws/src/ros_tello_driver/build/catkin_tools_prebuild/CMakeFiles/CMakeTmp'
Building C object CMakeFiles/cmTC_7d020.dir/CheckSymbolExists.c.o
/usr/bin/cc    -o CMakeFiles/cmTC_7d020.dir/CheckSymbolExists.c.o   -c /home/rosboxone/catkin_ws/src/ros_tello_driver/build/catkin_tools_prebuild/CMakeFiles/CMakeTmp/CheckSymbolExists.c
Linking C executable cmTC_7d020
/usr/local/bin/cmake -E cmake_link_script CMakeFiles/cmTC_7d020.dir/link.txt --verbose=1
/usr/bin/cc      -rdynamic CMakeFiles/cmTC_7d020.dir/CheckSymbolExists.c.o  -o cmTC_7d020 
CMakeFiles/cmTC_7d020.dir/CheckSymbolExists.c.o: In function `main':
CheckSymbolExists.c:(.text+0x16): undefined reference to `pthread_create'
collect2: error: ld returned 1 exit status
CMakeFiles/cmTC_7d020.dir/build.make:86: recipe for target 'cmTC_7d020' failed
make[1]: *** [cmTC_7d020] Error 1
make[1]: Leaving directory '/home/rosboxone/catkin_ws/src/ros_tello_driver/build/catkin_tools_prebuild/CMakeFiles/CMakeTmp'
Makefile:121: recipe for target 'cmTC_7d020/fast' failed
make: *** [cmTC_7d020/fast] Error 2

File /home/rosboxone/catkin_ws/src/ros_tello_driver/build/catkin_tools_prebuild/CMakeFiles/CMakeTmp/CheckSymbolExists.c:
/* */
#include <pthread.h>

int main(int argc, char** argv)
{
  (void)argv;
#ifndef pthread_create
  return ((int*)(&pthread_create))[argc];
#else
  (void)argc;
  return 0;
#endif
}

Determining if the function pthread_create exists in the pthreads failed with the following output:
Change Dir: /home/rosboxone/catkin_ws/src/ros_tello_driver/build/catkin_tools_prebuild/CMakeFiles/CMakeTmp

Run Build Command:"/usr/bin/make" "cmTC_b564d/fast"
/usr/bin/make -f CMakeFiles/cmTC_b564d.dir/build.make CMakeFiles/cmTC_b564d.dir/build
make[1]: Entering directory '/home/rosboxone/catkin_ws/src/ros_tello_driver/build/catkin_tools_prebuild/CMakeFiles/CMakeTmp'
Building C object CMakeFiles/cmTC_b564d.dir/CheckFunctionExists.c.o
/usr/bin/cc   -DCHECK_FUNCTION_EXISTS=pthread_create   -o CMakeFiles/cmTC_b564d.dir/CheckFunctionExists.c.o   -c /usr/local/share/cmake-3.12/Modules/CheckFunctionExists.c
Linking C executable cmTC_b564d
/usr/local/bin/cmake -E cmake_link_script CMakeFiles/cmTC_b564d.dir/link.txt --verbose=1
/usr/bin/cc  -DCHECK_FUNCTION_EXISTS=pthread_create    -rdynamic CMakeFiles/cmTC_b564d.dir/CheckFunctionExists.c.o  -o cmTC_b564d -lpthreads 
/usr/bin/ld: cannot find -lpthreads
collect2: error: ld returned 1 exit status
CMakeFiles/cmTC_b564d.dir/build.make:86: recipe for target 'cmTC_b564d' failed
make[1]: *** [cmTC_b564d] Error 1
make[1]: Leaving directory '/home/rosboxone/catkin_ws/src/ros_tello_driver/build/catkin_tools_prebuild/CMakeFiles/CMakeTmp'
Makefile:121: recipe for target 'cmTC_b564d/fast' failed
make: *** [cmTC_b564d/fast] Error 2


